<?xml version="1.0" encoding="UTF-8"?>
<!-- Generated by org.testng.reporters.JUnitXMLReporter -->
<testsuite ignored="0" hostname="Ahmed-Magdy" failures="0" tests="3" name="TestVOIS" time="70.897" errors="0" timestamp="2021-09-24T17:26:47 EET">
  <testcase classname="test.RegistrationTest" name="Register_New_User" time="13.286"/>
  <testcase classname="test.CartCheckOutTest" name="MakeOrder" time="24.182"/>
  <testcase classname="test.LoginTest" name="Login" time="10.84"/>
</testsuite> <!-- TestVOIS -->
