<?xml version="1.0" encoding="UTF-8"?>
<testng-results ignored="0" total="1" passed="1" failed="0" skipped="0">
  <reporter-output>
  </reporter-output>
  <suite started-at="2021-09-25T22:14:54 EET" name="Default suite" finished-at="2021-09-25T22:15:33 EET" duration-ms="38826">
    <groups>
    </groups>
    <test started-at="2021-09-25T22:14:54 EET" name="Default test" finished-at="2021-09-25T22:15:33 EET" duration-ms="38826">
      <class name="test.CartCheckOutTest">
        <test-method is-config="true" signature="setup()[pri:0, instance:test.CartCheckOutTest@3c73951]" started-at="2021-09-25T22:14:54 EET" name="setup" finished-at="2021-09-25T22:15:02 EET" duration-ms="8193" status="PASS">
          <reporter-output>
          </reporter-output>
        </test-method> <!-- setup -->
        <test-method signature="MakeOrder()[pri:0, instance:test.CartCheckOutTest@3c73951]" started-at="2021-09-25T22:15:02 EET" name="MakeOrder" finished-at="2021-09-25T22:15:32 EET" duration-ms="30303" status="PASS">
          <reporter-output>
          </reporter-output>
        </test-method> <!-- MakeOrder -->
        <test-method is-config="true" signature="DriverClose()[pri:0, instance:test.CartCheckOutTest@3c73951]" started-at="2021-09-25T22:15:32 EET" name="DriverClose" finished-at="2021-09-25T22:15:33 EET" duration-ms="163" status="PASS">
          <reporter-output>
          </reporter-output>
        </test-method> <!-- DriverClose -->
      </class> <!-- test.CartCheckOutTest -->
    </test> <!-- Default test -->
  </suite> <!-- Default suite -->
</testng-results>
